<?xml version="1.0" encoding="UTF-8"?>
<!-- Generated by org.testng.reporters.JUnitXMLReporter -->
<testsuite hostname="LAPTOP-0J7NNLBG" ignored="0" name="Test" tests="8" failures="0" timestamp="2020-09-24T12:21:57 CDT" time="218.323" errors="0">
  <testcase name="googleTasks" time="16.083" classname="AppiumActivities.Activity_1_GoogleTasks"/>
  <testcase name="googleKeep" time="16.953" classname="AppiumActivities.Activity_2_GoogleKeep"/>
  <testcase name="googleKeepWithReminder" time="26.224" classname="AppiumActivities.Activity_3_googleKeepWithReminder"/>
  <testcase name="chromeActivityNew" time="20.39" classname="AppiumActivities.ChromeBrowser_Activity1"/>
  <testcase name="chromeActivity2Invalid" time="16.624" classname="AppiumActivities.ChromeBrowser_Activity2"/>
  <testcase name="chromeActivity2Valid" time="14.1" classname="AppiumActivities.ChromeBrowser_Activity2"/>
  <testcase name="chromeActivity3InValid" time="21.487" classname="AppiumActivities.ChromeBrowser_Activity3"/>
  <testcase name="chromeActivity3Valid" time="19.044" classname="AppiumActivities.ChromeBrowser_Activity3"/>
</testsuite> <!-- Test -->
